This is pdfTeX, Version 3.14159265-2.6-1.40.16 (TeX Live 2015) (preloaded format=pdflatex 2015.11.24)  26 SEP 2016 18:08
entering extended mode
 restricted \write18 enabled.
 %&-line parsing enabled.
**questions_list.tex
(./questions_list.tex
LaTeX2e <2015/01/01>
Babel <3.9l> and hyphenation patterns for 79 languages loaded.
(/usr/local/texlive/2015/texmf-dist/tex/latex/base/article.cls
Document Class: article 2014/09/29 v1.4h Standard LaTeX document class
(/usr/local/texlive/2015/texmf-dist/tex/latex/base/size10.clo
File: size10.clo 2014/09/29 v1.4h Standard LaTeX file (size option)
)
\c@part=\count79
\c@section=\count80
\c@subsection=\count81
\c@subsubsection=\count82
\c@paragraph=\count83
\c@subparagraph=\count84
\c@figure=\count85
\c@table=\count86
\abovecaptionskip=\skip41
\belowcaptionskip=\skip42
\bibindent=\dimen102
)
(/usr/local/texlive/2015/texmf-dist/tex/latex/amsmath/amsmath.sty
Package: amsmath 2013/01/14 v2.14 AMS math features
\@mathmargin=\skip43

For additional information on amsmath, use the `?' option.
(/usr/local/texlive/2015/texmf-dist/tex/latex/amsmath/amstext.sty
Package: amstext 2000/06/29 v2.01

(/usr/local/texlive/2015/texmf-dist/tex/latex/amsmath/amsgen.sty
File: amsgen.sty 1999/11/30 v2.0
\@emptytoks=\toks14
\ex@=\dimen103
))
(/usr/local/texlive/2015/texmf-dist/tex/latex/amsmath/amsbsy.sty
Package: amsbsy 1999/11/29 v1.2d
\pmbraise@=\dimen104
)
(/usr/local/texlive/2015/texmf-dist/tex/latex/amsmath/amsopn.sty
Package: amsopn 1999/12/14 v2.01 operator names
)
\inf@bad=\count87
LaTeX Info: Redefining \frac on input line 210.
\uproot@=\count88
\leftroot@=\count89
LaTeX Info: Redefining \overline on input line 306.
\classnum@=\count90
\DOTSCASE@=\count91
LaTeX Info: Redefining \ldots on input line 378.
LaTeX Info: Redefining \dots on input line 381.
LaTeX Info: Redefining \cdots on input line 466.
\Mathstrutbox@=\box26
\strutbox@=\box27
\big@size=\dimen105
LaTeX Font Info:    Redeclaring font encoding OML on input line 566.
LaTeX Font Info:    Redeclaring font encoding OMS on input line 567.
\macc@depth=\count92
\c@MaxMatrixCols=\count93
\dotsspace@=\muskip10
\c@parentequation=\count94
\dspbrk@lvl=\count95
\tag@help=\toks15
\row@=\count96
\column@=\count97
\maxfields@=\count98
\andhelp@=\toks16
\eqnshift@=\dimen106
\alignsep@=\dimen107
\tagshift@=\dimen108
\tagwidth@=\dimen109
\totwidth@=\dimen110
\lineht@=\dimen111
\@envbody=\toks17
\multlinegap=\skip44
\multlinetaggap=\skip45
\mathdisplay@stack=\toks18
LaTeX Info: Redefining \[ on input line 2665.
LaTeX Info: Redefining \] on input line 2666.
)
(/usr/local/texlive/2015/texmf-dist/tex/latex/koma-script/scrextend.sty
Package: scrextend 2015/05/06 v3.17a KOMA-Script package (extend other classes 
with features of KOMA-Script classes)

(/usr/local/texlive/2015/texmf-dist/tex/latex/koma-script/scrkbase.sty
Package: scrkbase 2015/05/06 v3.17a KOMA-Script package (KOMA-Script-dependent 
basics and keyval usage)

(/usr/local/texlive/2015/texmf-dist/tex/latex/koma-script/scrbase.sty
Package: scrbase 2015/05/06 v3.17a KOMA-Script package (KOMA-Script-independent
 basics and keyval usage)

(/usr/local/texlive/2015/texmf-dist/tex/latex/graphics/keyval.sty
Package: keyval 2014/10/28 v1.15 key=value parser (DPC)
\KV@toks@=\toks19
)
(/usr/local/texlive/2015/texmf-dist/tex/latex/koma-script/scrlfile.sty
Package: scrlfile 2015/05/06 v3.17a KOMA-Script package (loading files)

Package scrlfile, 2015/05/06 v3.17a KOMA-Script package (loading files)
                  Copyright (C) Markus Kohm

)))
LaTeX Info: Redefining \textsubscript on input line 1265.
) (/usr/local/texlive/2015/texmf-dist/tex/latex/amsfonts/amssymb.sty
Package: amssymb 2013/01/14 v3.01 AMS font symbols

(/usr/local/texlive/2015/texmf-dist/tex/latex/amsfonts/amsfonts.sty
Package: amsfonts 2013/01/14 v3.01 Basic AMSFonts support
\symAMSa=\mathgroup4
\symAMSb=\mathgroup5
LaTeX Font Info:    Overwriting math alphabet `\mathfrak' in version `bold'
(Font)                  U/euf/m/n --> U/euf/b/n on input line 106.
))
(/usr/local/texlive/2015/texmf-dist/tex/latex/geometry/geometry.sty
Package: geometry 2010/09/12 v5.6 Page Geometry

(/usr/local/texlive/2015/texmf-dist/tex/generic/oberdiek/ifpdf.sty
Package: ifpdf 2011/01/30 v2.3 Provides the ifpdf switch (HO)
Package ifpdf Info: pdfTeX in PDF mode is detected.
)
(/usr/local/texlive/2015/texmf-dist/tex/generic/oberdiek/ifvtex.sty
Package: ifvtex 2010/03/01 v1.5 Detect VTeX and its facilities (HO)
Package ifvtex Info: VTeX not detected.
)
(/usr/local/texlive/2015/texmf-dist/tex/generic/ifxetex/ifxetex.sty
Package: ifxetex 2010/09/12 v0.6 Provides ifxetex conditional
)
\Gm@cnth=\count99
\Gm@cntv=\count100
\c@Gm@tempcnt=\count101
\Gm@bindingoffset=\dimen112
\Gm@wd@mp=\dimen113
\Gm@odd@mp=\dimen114
\Gm@even@mp=\dimen115
\Gm@layoutwidth=\dimen116
\Gm@layoutheight=\dimen117
\Gm@layouthoffset=\dimen118
\Gm@layoutvoffset=\dimen119
\Gm@dimlist=\toks20
)
(/usr/local/texlive/2015/texmf-dist/tex/latex/fancyhdr/fancyhdr.sty
\fancy@headwidth=\skip46
\f@ncyO@elh=\skip47
\f@ncyO@erh=\skip48
\f@ncyO@olh=\skip49
\f@ncyO@orh=\skip50
\f@ncyO@elf=\skip51
\f@ncyO@erf=\skip52
\f@ncyO@olf=\skip53
\f@ncyO@orf=\skip54
)
(./questions_list.aux)
\openout1 = `questions_list.aux'.

LaTeX Font Info:    Checking defaults for OML/cmm/m/it on input line 13.
LaTeX Font Info:    ... okay on input line 13.
LaTeX Font Info:    Checking defaults for T1/cmr/m/n on input line 13.
LaTeX Font Info:    ... okay on input line 13.
LaTeX Font Info:    Checking defaults for OT1/cmr/m/n on input line 13.
LaTeX Font Info:    ... okay on input line 13.
LaTeX Font Info:    Checking defaults for OMS/cmsy/m/n on input line 13.
LaTeX Font Info:    ... okay on input line 13.
LaTeX Font Info:    Checking defaults for OMX/cmex/m/n on input line 13.
LaTeX Font Info:    ... okay on input line 13.
LaTeX Font Info:    Checking defaults for U/cmr/m/n on input line 13.
LaTeX Font Info:    ... okay on input line 13.

*geometry* driver: auto-detecting
*geometry* detected driver: pdftex
*geometry* verbose mode - [ preamble ] result:
* driver: pdftex
* paper: a4paper
* layout: <same size as paper>
* layoutoffset:(h,v)=(0.0pt,0.0pt)
* modes: 
* h-part:(L,W,R)=(50.58878pt, 496.33032pt, 50.58878pt)
* v-part:(T,H,B)=(72.26999pt, 700.50687pt, 72.26999pt)
* \paperwidth=597.50787pt
* \paperheight=845.04684pt
* \textwidth=496.33032pt
* \textheight=700.50687pt
* \oddsidemargin=-21.68121pt
* \evensidemargin=-21.68121pt
* \topmargin=-37.0pt
* \headheight=12.0pt
* \headsep=25.0pt
* \topskip=10.0pt
* \footskip=30.0pt
* \marginparwidth=65.0pt
* \marginparsep=11.0pt
* \columnsep=10.0pt
* \skip\footins=9.0pt plus 3.99957pt minus 2.00043pt
* \hoffset=0.0pt
* \voffset=0.0pt
* \mag=1000
* \@twocolumnfalse
* \@twosidefalse
* \@mparswitchfalse
* \@reversemarginfalse
* (1in=72.27pt=25.4mm, 1cm=28.453pt)


LaTeX Font Warning: Font shape `OT1/cmr/m/n' in size <19.90405> not available
(Font)              size <20.74> substituted on input line 14.


LaTeX Font Warning: Font shape `OT1/cmr/bx/n' in size <19.90405> not available
(Font)              size <20.74> substituted on input line 14.


LaTeX Font Warning: Font shape `OT1/cmr/m/n' in size <9.59998> not available
(Font)              size <10> substituted on input line 15.


LaTeX Font Warning: Font shape `OT1/cmr/m/n' in size <16.59204> not available
(Font)              size <17.28> substituted on input line 16.


LaTeX Font Warning: Font shape `OT1/cmr/bx/n' in size <16.59204> not available
(Font)              size <17.28> substituted on input line 16.


LaTeX Font Warning: Font shape `OT1/cmr/bx/n' in size <9.59998> not available
(Font)              size <10> substituted on input line 18.

LaTeX Font Info:    Calculating math sizes for size <9.59998> on input line 20.


LaTeX Font Warning: Font shape `OML/cmm/m/it' in size <9.59998> not available
(Font)              size <10> substituted on input line 20.


LaTeX Font Warning: Font shape `OMS/cmsy/m/n' in size <9.59998> not available
(Font)              size <10> substituted on input line 20.

LaTeX Font Info:    Try loading font information for U+msa on input line 20.
(/usr/local/texlive/2015/texmf-dist/tex/latex/amsfonts/umsa.fd
File: umsa.fd 2013/01/14 v3.01 AMS symbols A
)
LaTeX Font Info:    Try loading font information for U+msb on input line 20.

(/usr/local/texlive/2015/texmf-dist/tex/latex/amsfonts/umsb.fd
File: umsb.fd 2013/01/14 v3.01 AMS symbols B
)
Underfull \hbox (badness 10000) in paragraph at lines 14--22

 []


Underfull \hbox (badness 10000) in paragraph at lines 24--34

 []


Underfull \hbox (badness 10000) in paragraph at lines 39--49

 []


Underfull \hbox (badness 10000) in paragraph at lines 52--62

 []

LaTeX Font Info:    Try loading font information for OMS+cmr on input line 62.
(/usr/local/texlive/2015/texmf-dist/tex/latex/base/omscmr.fd
File: omscmr.fd 2014/09/29 v2.5h Standard LaTeX font definitions
)
LaTeX Font Info:    Font shape `OMS/cmr/m/n' in size <10> not available
(Font)              Font shape `OMS/cmsy/m/n' tried instead on input line 62.
 [1

{/usr/local/texlive/2015/texmf-var/fonts/map/pdftex/updmap/pdftex.map}]
Underfull \hbox (badness 10000) in paragraph at lines 64--74

 []


Underfull \hbox (badness 10000) in paragraph at lines 76--86

 []


Underfull \hbox (badness 10000) in paragraph at lines 88--99

 []


Underfull \hbox (badness 10000) in paragraph at lines 102--112

 []

[2]
Underfull \hbox (badness 10000) in paragraph at lines 114--124

 []


Underfull \hbox (badness 10000) in paragraph at lines 127--137

 []

[3]
Underfull \hbox (badness 10000) in paragraph at lines 150--160

 []


Underfull \hbox (badness 10000) in paragraph at lines 164--174

 []

[4]
Underfull \hbox (badness 10000) in paragraph at lines 184--194

 []


Underfull \hbox (badness 10000) in paragraph at lines 198--208

 []

[5]
Underfull \hbox (badness 10000) in paragraph at lines 223--225

 []


Underfull \hbox (badness 10000) in paragraph at lines 240--242

 []


Underfull \hbox (badness 10000) in paragraph at lines 248--258

 []

[6]
Underfull \hbox (badness 10000) in paragraph at lines 272--274

 []


Underfull \hbox (badness 10000) in paragraph at lines 290--292

 []


Underfull \hbox (badness 10000) in paragraph at lines 297--307

 []

[7]
Underfull \hbox (badness 10000) in paragraph at lines 329--331

 []

[8]
Underfull \hbox (badness 10000) in paragraph at lines 349--351

 []


Underfull \hbox (badness 10000) in paragraph at lines 367--369

 []


Underfull \hbox (badness 10000) in paragraph at lines 385--387

 []

[9]
Underfull \hbox (badness 10000) in paragraph at lines 392--402

 []


Underfull \hbox (badness 10000) in paragraph at lines 406--416

 []


Underfull \hbox (badness 10000) in paragraph at lines 421--431

 []

[10]
Underfull \hbox (badness 10000) in paragraph at lines 443--454

 []


Underfull \hbox (badness 10000) in paragraph at lines 459--469

 []

[11]
Underfull \hbox (badness 10000) in paragraph at lines 475--485

 []


Underfull \hbox (badness 10000) in paragraph at lines 508--518

 []

[12]
Underfull \hbox (badness 10000) in paragraph at lines 524--534

 []


Underfull \hbox (badness 10000) in paragraph at lines 540--550

 []


Underfull \hbox (badness 10000) in paragraph at lines 556--566

 []

[13]
Underfull \hbox (badness 10000) in paragraph at lines 572--582

 []


Underfull \hbox (badness 10000) in paragraph at lines 588--598

 []

[14]
Underfull \hbox (badness 10000) in paragraph at lines 609--619

 []


Underfull \hbox (badness 10000) in paragraph at lines 630--640

 []


Underfull \hbox (badness 10000) in paragraph at lines 649--659

 []

[15]
Underfull \hbox (badness 10000) in paragraph at lines 688--698

 []

[16]
Underfull \hbox (badness 10000) in paragraph at lines 703--713

 []


Underfull \hbox (badness 10000) in paragraph at lines 718--728

 []

[17]
Underfull \hbox (badness 10000) in paragraph at lines 733--743

 []


Underfull \hbox (badness 10000) in paragraph at lines 747--757

 []


Underfull \hbox (badness 10000) in paragraph at lines 761--771

 []

[18]
Underfull \hbox (badness 10000) in paragraph at lines 775--785

 []


Underfull \hbox (badness 10000) in paragraph at lines 795--805

 []

[19]
Underfull \hbox (badness 10000) in paragraph at lines 815--825

 []


Underfull \hbox (badness 10000) in paragraph at lines 835--845

 []

[20]
Underfull \hbox (badness 10000) in paragraph at lines 857--867

 []


Underfull \hbox (badness 10000) in paragraph at lines 873--883

 []

[21]
Missing character: There is no Â in font cmr10!
Missing character: There is no £ in font cmr10!
Missing character: There is no Â in font cmr10!
Missing character: There is no £ in font cmr10!
Missing character: There is no Â in font cmr10!
Missing character: There is no £ in font cmr10!
Missing character: There is no Â in font cmr10!
Missing character: There is no £ in font cmr10!

Underfull \hbox (badness 10000) in paragraph at lines 893--904

 []

[22]
Underfull \hbox (badness 10000) in paragraph at lines 940--951

 []

[23]
Underfull \hbox (badness 10000) in paragraph at lines 964--975

 []

[24]
Underfull \hbox (badness 10000) in paragraph at lines 988--998

 []

[25]
Underfull \hbox (badness 10000) in paragraph at lines 1032--1043

 []

[26]
Underfull \hbox (badness 10000) in paragraph at lines 1056--1066

 []


Underfull \hbox (badness 10000) in paragraph at lines 1077--1087

 []

[27]
Underfull \hbox (badness 10000) in paragraph at lines 1100--1110

 []

[28]
Underfull \hbox (badness 10000) in paragraph at lines 1126--1136

 []

[29]
Underfull \hbox (badness 10000) in paragraph at lines 1153--1163

 []

[30]
Underfull \hbox (badness 10000) in paragraph at lines 1174--1184

 []


Underfull \hbox (badness 10000) in paragraph at lines 1191--1201

 []

[31]
Underfull \hbox (badness 10000) in paragraph at lines 1208--1218

 []


Underfull \hbox (badness 10000) in paragraph at lines 1226--1236

 []

[32]
Underfull \hbox (badness 10000) in paragraph at lines 1249--1259

 []

[33]
Underfull \hbox (badness 10000) in paragraph at lines 1269--1279

 []

[34]
Underfull \hbox (badness 10000) in paragraph at lines 1292--1302

 []

[35]
Underfull \hbox (badness 10000) in paragraph at lines 1311--1321

 []


Underfull \hbox (badness 10000) in paragraph at lines 1329--1343

 []

[36]
Underfull \hbox (badness 10000) in paragraph at lines 1345--1355

 []


Underfull \hbox (badness 10000) in paragraph at lines 1364--1379

 []

[37]
Underfull \hbox (badness 10000) in paragraph at lines 1385--1395

 []


Underfull \hbox (badness 10000) in paragraph at lines 1397--1407

 []

[38]
Underfull \hbox (badness 10000) in paragraph at lines 1409--1419

 []


Underfull \hbox (badness 10000) in paragraph at lines 1423--1433

 []


Underfull \hbox (badness 10000) in paragraph at lines 1437--1447

 []

[39]
Underfull \hbox (badness 10000) in paragraph at lines 1456--1466

 []

[40]
Underfull \hbox (badness 10000) in paragraph at lines 1478--1488

 []

[41]
Underfull \hbox (badness 10000) in paragraph at lines 1503--1513

 []

[42]
Underfull \hbox (badness 10000) in paragraph at lines 1522--1532

 []


Underfull \hbox (badness 10000) in paragraph at lines 1537--1555

 []

[43]
Underfull \hbox (badness 10000) in paragraph at lines 1566--1576

 []

[44]
Underfull \hbox (badness 10000) in paragraph at lines 1587--1597

 []


Underfull \hbox (badness 10000) in paragraph at lines 1606--1616

 []

[45]
Underfull \hbox (badness 10000) in paragraph at lines 1628--1638

 []


Underfull \hbox (badness 10000) in paragraph at lines 1650--1660

 []

[46]
Underfull \hbox (badness 10000) in paragraph at lines 1672--1682

 []

[47]
Underfull \hbox (badness 10000) in paragraph at lines 1693--1703

 []


Underfull \hbox (badness 10000) in paragraph at lines 1714--1724

 []

[48]
Underfull \hbox (badness 10000) in paragraph at lines 1729--1739

 []


Underfull \hbox (badness 10000) in paragraph at lines 1744--1754

 []


Underfull \hbox (badness 10000) in paragraph at lines 1759--1769

 []

[49]
Underfull \hbox (badness 10000) in paragraph at lines 1782--1792

 []


Underfull \hbox (badness 10000) in paragraph at lines 1801--1811

 []

[50]
Underfull \hbox (badness 10000) in paragraph at lines 1818--1828

 []


Underfull \hbox (badness 10000) in paragraph at lines 1837--1847

 []

[51]
Underfull \hbox (badness 10000) in paragraph at lines 1878--1888

 []

[52]
Underfull \hbox (badness 10000) in paragraph at lines 1900--1910

 []

[53]
Underfull \hbox (badness 10000) in paragraph at lines 1938--1953

 []


Underfull \hbox (badness 10000) in paragraph at lines 1957--1967

 []


Underfull \hbox (badness 10000) in paragraph at lines 1972--1979

 []


Underfull \hbox (badness 10000) in paragraph at lines 1982--1992

 []

[54]
Underfull \hbox (badness 10000) in paragraph at lines 1995--2005

 []


Underfull \hbox (badness 10000) in paragraph at lines 2008--2018

 []


Underfull \hbox (badness 10000) in paragraph at lines 2021--2031

 []


Underfull \hbox (badness 10000) in paragraph at lines 2034--2044

 []

[55]
Underfull \hbox (badness 10000) in paragraph at lines 2047--2057

 []


Underfull \hbox (badness 10000) in paragraph at lines 2061--2071

 []


Underfull \hbox (badness 10000) in paragraph at lines 2074--2084

 []

[56]
Underfull \hbox (badness 10000) in paragraph at lines 2087--2097

 []


Underfull \hbox (badness 10000) in paragraph at lines 2100--2110

 []


Underfull \hbox (badness 10000) in paragraph at lines 2114--2124

 []


Underfull \hbox (badness 10000) in paragraph at lines 2127--2137

 []

[57]
Underfull \hbox (badness 10000) in paragraph at lines 2142--2152

 []


Underfull \hbox (badness 10000) in paragraph at lines 2158--2168

 []


Underfull \hbox (badness 10000) in paragraph at lines 2172--2182

 []


Underfull \hbox (badness 10000) in paragraph at lines 2186--2196

 []

[58]
Underfull \hbox (badness 10000) in paragraph at lines 2200--2210

 []


Underfull \hbox (badness 10000) in paragraph at lines 2215--2225

 []


Underfull \hbox (badness 10000) in paragraph at lines 2230--2240

 []

[59]
Underfull \hbox (badness 10000) in paragraph at lines 2243--2253

 []


Underfull \hbox (badness 10000) in paragraph at lines 2261--2271

 []


Underfull \hbox (badness 10000) in paragraph at lines 2275--2285

 []

[60]
Underfull \hbox (badness 10000) in paragraph at lines 2289--2299

 []


Underfull \hbox (badness 10000) in paragraph at lines 2303--2313

 []


Underfull \hbox (badness 10000) in paragraph at lines 2316--2326

 []

[61]
Underfull \hbox (badness 10000) in paragraph at lines 2331--2338

 []


Underfull \hbox (badness 10000) in paragraph at lines 2344--2354

 []


Underfull \hbox (badness 10000) in paragraph at lines 2360--2370

 []


Underfull \hbox (badness 10000) in paragraph at lines 2377--2387

 []

[62]
Underfull \hbox (badness 10000) in paragraph at lines 2391--2401

 []


Underfull \hbox (badness 10000) in paragraph at lines 2405--2415

 []


Underfull \hbox (badness 10000) in paragraph at lines 2419--2429

 []

[63]
Underfull \hbox (badness 10000) in paragraph at lines 2433--2443

 []


Underfull \hbox (badness 10000) in paragraph at lines 2447--2457

 []


Underfull \hbox (badness 10000) in paragraph at lines 2461--2471

 []


Underfull \hbox (badness 10000) in paragraph at lines 2475--2485

 []


Underfull \hbox (badness 10000) in paragraph at lines 2489--2499

 []

[64]
Underfull \hbox (badness 10000) in paragraph at lines 2503--2513

 []


Underfull \hbox (badness 10000) in paragraph at lines 2518--2525

 []


Underfull \hbox (badness 10000) in paragraph at lines 2530--2537

 []


Underfull \hbox (badness 10000) in paragraph at lines 2542--2549

 []

[65]
Underfull \hbox (badness 10000) in paragraph at lines 2554--2561

 []


Underfull \hbox (badness 10000) in paragraph at lines 2571--2578

 []

[66]
Underfull \hbox (badness 10000) in paragraph at lines 2588--2595

 []


Underfull \hbox (badness 10000) in paragraph at lines 2605--2612

 []

[67]
Underfull \hbox (badness 10000) in paragraph at lines 2623--2630

 []


Underfull \hbox (badness 10000) in paragraph at lines 2641--2648

 []

[68]
Underfull \hbox (badness 10000) in paragraph at lines 2659--2667

 []


Underfull \hbox (badness 10000) in paragraph at lines 2674--2681

 []


Underfull \hbox (badness 10000) in paragraph at lines 2688--2695

 []

[69]
Underfull \hbox (badness 10000) in paragraph at lines 2703--2710

 []


Underfull \hbox (badness 10000) in paragraph at lines 2718--2725

 []

[70]
Underfull \hbox (badness 10000) in paragraph at lines 2735--2742

 []


Underfull \hbox (badness 10000) in paragraph at lines 2750--2757

 []

[71]
Underfull \hbox (badness 10000) in paragraph at lines 2767--2774

 []


Underfull \hbox (badness 10000) in paragraph at lines 2782--2789

 []


Underfull \hbox (badness 10000) in paragraph at lines 2797--2804

 []

[72]
Underfull \hbox (badness 10000) in paragraph at lines 2812--2819

 []


Underfull \hbox (badness 10000) in paragraph at lines 2832--2839

 []

[73]
Underfull \hbox (badness 10000) in paragraph at lines 2848--2855

 []


Underfull \hbox (badness 10000) in paragraph at lines 2864--2871

 []

[74]
Underfull \hbox (badness 10000) in paragraph at lines 2882--2889

 []


Underfull \hbox (badness 10000) in paragraph at lines 2897--2904

 []

[75]
Underfull \hbox (badness 10000) in paragraph at lines 2912--2919

 []


Underfull \hbox (badness 10000) in paragraph at lines 2927--2934

 []


Underfull \hbox (badness 10000) in paragraph at lines 2942--2949

 []

[76]
Underfull \hbox (badness 10000) in paragraph at lines 2958--2965

 []


Underfull \hbox (badness 10000) in paragraph at lines 2976--3000

 []


Underfull \hbox (badness 10000) in paragraph at lines 2976--3000

 []

[77]
Underfull \hbox (badness 10000) in paragraph at lines 3011--3021

 []

[78]
Underfull \hbox (badness 10000) in paragraph at lines 3028--3038

 []

[79]
Underfull \hbox (badness 10000) in paragraph at lines 3049--3059

 []

[80]
Underfull \hbox (badness 10000) in paragraph at lines 3074--3084

 []

[81]
Underfull \hbox (badness 10000) in paragraph at lines 3095--3105

 []

[82]
Underfull \hbox (badness 10000) in paragraph at lines 3121--3131

 []


Underfull \hbox (badness 10000) in paragraph at lines 3139--3146

 []

[83]
Underfull \hbox (badness 10000) in paragraph at lines 3154--3161

 []


Underfull \hbox (badness 10000) in paragraph at lines 3171--3178

 []

[84]
Underfull \hbox (badness 10000) in paragraph at lines 3198--3200

 []

[85]
Underfull \hbox (badness 10000) in paragraph at lines 3226--3228

 []


Underfull \hbox (badness 10000) in paragraph at lines 3254--3256

 []

[86]
Underfull \hbox (badness 10000) in paragraph at lines 3285--3287

 []

[87]
Underfull \hbox (badness 10000) in paragraph at lines 3303--3312

 []


Underfull \hbox (badness 10000) in paragraph at lines 3320--3324

 []

[88] (./questions_list.aux)

LaTeX Font Warning: Size substitutions with differences
(Font)              up to 0.83595pt have occurred.

 ) 
Here is how much of TeX's memory you used:
 2384 strings out of 493089
 32725 string characters out of 6134841
 123600 words of memory out of 5000000
 5874 multiletter control sequences out of 15000+600000
 7735 words of font info for 30 fonts, out of 8000000 for 9000
 1141 hyphenation exceptions out of 8191
 35i,15n,47p,377b,291s stack positions out of 5000i,500n,10000p,200000b,80000s
</usr/local/texlive/2015/texmf-dist/fonts/type1/public/amsfonts/cm/cmbx10.pfb
></usr/local/texlive/2015/texmf-dist/fonts/type1/public/amsfonts/cm/cmbx12.pfb>
</usr/local/texlive/2015/texmf-dist/fonts/type1/public/amsfonts/cm/cmex10.pfb><
/usr/local/texlive/2015/texmf-dist/fonts/type1/public/amsfonts/cm/cmmi10.pfb></
usr/local/texlive/2015/texmf-dist/fonts/type1/public/amsfonts/cm/cmmi7.pfb></us
r/local/texlive/2015/texmf-dist/fonts/type1/public/amsfonts/cm/cmr10.pfb></usr/
local/texlive/2015/texmf-dist/fonts/type1/public/amsfonts/cm/cmr5.pfb></usr/loc
al/texlive/2015/texmf-dist/fonts/type1/public/amsfonts/cm/cmr7.pfb></usr/local/
texlive/2015/texmf-dist/fonts/type1/public/amsfonts/cm/cmsy10.pfb></usr/local/t
exlive/2015/texmf-dist/fonts/type1/public/amsfonts/cm/cmsy7.pfb></usr/local/tex
live/2015/texmf-dist/fonts/type1/public/amsfonts/symbols/msbm10.pfb>
Output written on questions_list.pdf (88 pages, 252576 bytes).
PDF statistics:
 333 PDF objects out of 1000 (max. 8388607)
 229 compressed objects within 3 object streams
 0 named destinations out of 1000 (max. 500000)
 1 words of extra memory for PDF output out of 10000 (max. 10000000)

