This is pdfTeX, Version 3.14159265-2.6-1.40.16 (TeX Live 2015) (preloaded format=pdflatex 2015.11.24)  23 JAN 2017 09:33
entering extended mode
 restricted \write18 enabled.
 %&-line parsing enabled.
**Questions_Differentiation.tex
(./Questions_Differentiation.tex
LaTeX2e <2015/01/01>
Babel <3.9l> and hyphenation patterns for 79 languages loaded.
(/usr/local/texlive/2015/texmf-dist/tex/latex/base/article.cls
Document Class: article 2014/09/29 v1.4h Standard LaTeX document class
(/usr/local/texlive/2015/texmf-dist/tex/latex/base/size10.clo
File: size10.clo 2014/09/29 v1.4h Standard LaTeX file (size option)
)
\c@part=\count79
\c@section=\count80
\c@subsection=\count81
\c@subsubsection=\count82
\c@paragraph=\count83
\c@subparagraph=\count84
\c@figure=\count85
\c@table=\count86
\abovecaptionskip=\skip41
\belowcaptionskip=\skip42
\bibindent=\dimen102
)
(/usr/local/texlive/2015/texmf-dist/tex/latex/amsmath/amsmath.sty
Package: amsmath 2013/01/14 v2.14 AMS math features
\@mathmargin=\skip43

For additional information on amsmath, use the `?' option.
(/usr/local/texlive/2015/texmf-dist/tex/latex/amsmath/amstext.sty
Package: amstext 2000/06/29 v2.01

(/usr/local/texlive/2015/texmf-dist/tex/latex/amsmath/amsgen.sty
File: amsgen.sty 1999/11/30 v2.0
\@emptytoks=\toks14
\ex@=\dimen103
))
(/usr/local/texlive/2015/texmf-dist/tex/latex/amsmath/amsbsy.sty
Package: amsbsy 1999/11/29 v1.2d
\pmbraise@=\dimen104
)
(/usr/local/texlive/2015/texmf-dist/tex/latex/amsmath/amsopn.sty
Package: amsopn 1999/12/14 v2.01 operator names
)
\inf@bad=\count87
LaTeX Info: Redefining \frac on input line 210.
\uproot@=\count88
\leftroot@=\count89
LaTeX Info: Redefining \overline on input line 306.
\classnum@=\count90
\DOTSCASE@=\count91
LaTeX Info: Redefining \ldots on input line 378.
LaTeX Info: Redefining \dots on input line 381.
LaTeX Info: Redefining \cdots on input line 466.
\Mathstrutbox@=\box26
\strutbox@=\box27
\big@size=\dimen105
LaTeX Font Info:    Redeclaring font encoding OML on input line 566.
LaTeX Font Info:    Redeclaring font encoding OMS on input line 567.
\macc@depth=\count92
\c@MaxMatrixCols=\count93
\dotsspace@=\muskip10
\c@parentequation=\count94
\dspbrk@lvl=\count95
\tag@help=\toks15
\row@=\count96
\column@=\count97
\maxfields@=\count98
\andhelp@=\toks16
\eqnshift@=\dimen106
\alignsep@=\dimen107
\tagshift@=\dimen108
\tagwidth@=\dimen109
\totwidth@=\dimen110
\lineht@=\dimen111
\@envbody=\toks17
\multlinegap=\skip44
\multlinetaggap=\skip45
\mathdisplay@stack=\toks18
LaTeX Info: Redefining \[ on input line 2665.
LaTeX Info: Redefining \] on input line 2666.
)
(/usr/local/texlive/2015/texmf-dist/tex/latex/koma-script/scrextend.sty
Package: scrextend 2015/05/06 v3.17a KOMA-Script package (extend other classes 
with features of KOMA-Script classes)

(/usr/local/texlive/2015/texmf-dist/tex/latex/koma-script/scrkbase.sty
Package: scrkbase 2015/05/06 v3.17a KOMA-Script package (KOMA-Script-dependent 
basics and keyval usage)

(/usr/local/texlive/2015/texmf-dist/tex/latex/koma-script/scrbase.sty
Package: scrbase 2015/05/06 v3.17a KOMA-Script package (KOMA-Script-independent
 basics and keyval usage)

(/usr/local/texlive/2015/texmf-dist/tex/latex/graphics/keyval.sty
Package: keyval 2014/10/28 v1.15 key=value parser (DPC)
\KV@toks@=\toks19
)
(/usr/local/texlive/2015/texmf-dist/tex/latex/koma-script/scrlfile.sty
Package: scrlfile 2015/05/06 v3.17a KOMA-Script package (loading files)

Package scrlfile, 2015/05/06 v3.17a KOMA-Script package (loading files)
                  Copyright (C) Markus Kohm

)))
LaTeX Info: Redefining \textsubscript on input line 1265.
) (/usr/local/texlive/2015/texmf-dist/tex/latex/amsfonts/amssymb.sty
Package: amssymb 2013/01/14 v3.01 AMS font symbols

(/usr/local/texlive/2015/texmf-dist/tex/latex/amsfonts/amsfonts.sty
Package: amsfonts 2013/01/14 v3.01 Basic AMSFonts support
\symAMSa=\mathgroup4
\symAMSb=\mathgroup5
LaTeX Font Info:    Overwriting math alphabet `\mathfrak' in version `bold'
(Font)                  U/euf/m/n --> U/euf/b/n on input line 106.
))
(/usr/local/texlive/2015/texmf-dist/tex/latex/geometry/geometry.sty
Package: geometry 2010/09/12 v5.6 Page Geometry

(/usr/local/texlive/2015/texmf-dist/tex/generic/oberdiek/ifpdf.sty
Package: ifpdf 2011/01/30 v2.3 Provides the ifpdf switch (HO)
Package ifpdf Info: pdfTeX in PDF mode is detected.
)
(/usr/local/texlive/2015/texmf-dist/tex/generic/oberdiek/ifvtex.sty
Package: ifvtex 2010/03/01 v1.5 Detect VTeX and its facilities (HO)
Package ifvtex Info: VTeX not detected.
)
(/usr/local/texlive/2015/texmf-dist/tex/generic/ifxetex/ifxetex.sty
Package: ifxetex 2010/09/12 v0.6 Provides ifxetex conditional
)
\Gm@cnth=\count99
\Gm@cntv=\count100
\c@Gm@tempcnt=\count101
\Gm@bindingoffset=\dimen112
\Gm@wd@mp=\dimen113
\Gm@odd@mp=\dimen114
\Gm@even@mp=\dimen115
\Gm@layoutwidth=\dimen116
\Gm@layoutheight=\dimen117
\Gm@layouthoffset=\dimen118
\Gm@layoutvoffset=\dimen119
\Gm@dimlist=\toks20
)
(/usr/local/texlive/2015/texmf-dist/tex/latex/fancyhdr/fancyhdr.sty
\fancy@headwidth=\skip46
\f@ncyO@elh=\skip47
\f@ncyO@erh=\skip48
\f@ncyO@olh=\skip49
\f@ncyO@orh=\skip50
\f@ncyO@elf=\skip51
\f@ncyO@erf=\skip52
\f@ncyO@olf=\skip53
\f@ncyO@orf=\skip54
)
(./Questions_Differentiation.aux)
\openout1 = `Questions_Differentiation.aux'.

LaTeX Font Info:    Checking defaults for OML/cmm/m/it on input line 15.
LaTeX Font Info:    ... okay on input line 15.
LaTeX Font Info:    Checking defaults for T1/cmr/m/n on input line 15.
LaTeX Font Info:    ... okay on input line 15.
LaTeX Font Info:    Checking defaults for OT1/cmr/m/n on input line 15.
LaTeX Font Info:    ... okay on input line 15.
LaTeX Font Info:    Checking defaults for OMS/cmsy/m/n on input line 15.
LaTeX Font Info:    ... okay on input line 15.
LaTeX Font Info:    Checking defaults for OMX/cmex/m/n on input line 15.
LaTeX Font Info:    ... okay on input line 15.
LaTeX Font Info:    Checking defaults for U/cmr/m/n on input line 15.
LaTeX Font Info:    ... okay on input line 15.

*geometry* driver: auto-detecting
*geometry* detected driver: pdftex
*geometry* verbose mode - [ preamble ] result:
* driver: pdftex
* paper: a4paper
* layout: <same size as paper>
* layoutoffset:(h,v)=(0.0pt,0.0pt)
* modes: 
* h-part:(L,W,R)=(50.58878pt, 496.33032pt, 50.58878pt)
* v-part:(T,H,B)=(72.26999pt, 700.50687pt, 72.26999pt)
* \paperwidth=597.50787pt
* \paperheight=845.04684pt
* \textwidth=496.33032pt
* \textheight=700.50687pt
* \oddsidemargin=-21.68121pt
* \evensidemargin=-21.68121pt
* \topmargin=-37.0pt
* \headheight=12.0pt
* \headsep=25.0pt
* \topskip=10.0pt
* \footskip=30.0pt
* \marginparwidth=65.0pt
* \marginparsep=11.0pt
* \columnsep=10.0pt
* \skip\footins=9.0pt plus 3.99957pt minus 2.00043pt
* \hoffset=0.0pt
* \voffset=0.0pt
* \mag=1000
* \@twocolumnfalse
* \@twosidefalse
* \@mparswitchfalse
* \@reversemarginfalse
* (1in=72.27pt=25.4mm, 1cm=28.453pt)

LaTeX Font Info:    Try loading font information for U+msa on input line 17.
(/usr/local/texlive/2015/texmf-dist/tex/latex/amsfonts/umsa.fd
File: umsa.fd 2013/01/14 v3.01 AMS symbols A
)
LaTeX Font Info:    Try loading font information for U+msb on input line 17.

(/usr/local/texlive/2015/texmf-dist/tex/latex/amsfonts/umsb.fd
File: umsb.fd 2013/01/14 v3.01 AMS symbols B
)
Underfull \hbox (badness 10000) in paragraph at lines 17--19

 []


Underfull \hbox (badness 10000) in paragraph at lines 20--21

 []


Underfull \hbox (badness 10000) in paragraph at lines 25--26

 []


Underfull \hbox (badness 10000) in paragraph at lines 27--29

 []


Underfull \hbox (badness 10000) in paragraph at lines 30--32

 []


Underfull \hbox (badness 10000) in paragraph at lines 33--35

 []


Underfull \hbox (badness 10000) in paragraph at lines 36--38

 []


Underfull \hbox (badness 10000) in paragraph at lines 39--43

 []


Underfull \hbox (badness 10000) in paragraph at lines 44--48

 []


Underfull \hbox (badness 10000) in paragraph at lines 49--53

 []


Underfull \hbox (badness 10000) in paragraph at lines 54--58

 []


Underfull \hbox (badness 10000) in paragraph at lines 59--63

 []


Underfull \hbox (badness 10000) in paragraph at lines 65--67

 []


Underfull \hbox (badness 10000) in paragraph at lines 68--69

 []

LaTeX Font Info:    Try loading font information for OMS+cmr on input line 73.
(/usr/local/texlive/2015/texmf-dist/tex/latex/base/omscmr.fd
File: omscmr.fd 2014/09/29 v2.5h Standard LaTeX font definitions
)
LaTeX Font Info:    Font shape `OMS/cmr/m/n' in size <10> not available
(Font)              Font shape `OMS/cmsy/m/n' tried instead on input line 73.
 [1

{/usr/local/texlive/2015/texmf-var/fonts/map/pdftex/updmap/pdftex.map}]
Underfull \hbox (badness 10000) in paragraph at lines 73--74

 []


Underfull \hbox (badness 10000) in paragraph at lines 75--77

 []


Underfull \hbox (badness 10000) in paragraph at lines 78--80

 []


Underfull \hbox (badness 10000) in paragraph at lines 81--83

 []


Underfull \hbox (badness 10000) in paragraph at lines 84--86

 []


Underfull \hbox (badness 10000) in paragraph at lines 87--91

 []


Underfull \hbox (badness 10000) in paragraph at lines 92--96

 []


Underfull \hbox (badness 10000) in paragraph at lines 97--101

 []


Underfull \hbox (badness 10000) in paragraph at lines 102--106

 []


Underfull \hbox (badness 10000) in paragraph at lines 107--111

 []


Underfull \hbox (badness 10000) in paragraph at lines 113--115

 []


Underfull \hbox (badness 10000) in paragraph at lines 116--117

 []


Underfull \hbox (badness 10000) in paragraph at lines 121--122

 []


Underfull \hbox (badness 10000) in paragraph at lines 123--125

 []

[2]
Underfull \hbox (badness 10000) in paragraph at lines 126--128

 []


Underfull \hbox (badness 10000) in paragraph at lines 129--131

 []


Underfull \hbox (badness 10000) in paragraph at lines 132--134

 []


Underfull \hbox (badness 10000) in paragraph at lines 135--139

 []


Underfull \hbox (badness 10000) in paragraph at lines 140--144

 []


Underfull \hbox (badness 10000) in paragraph at lines 145--149

 []


Underfull \hbox (badness 10000) in paragraph at lines 150--154

 []


Underfull \hbox (badness 10000) in paragraph at lines 155--159

 []


Underfull \hbox (badness 10000) in paragraph at lines 161--163

 []


Underfull \hbox (badness 10000) in paragraph at lines 164--165

 []


Underfull \hbox (badness 10000) in paragraph at lines 169--170

 []


Underfull \hbox (badness 10000) in paragraph at lines 171--173

 []


Underfull \hbox (badness 10000) in paragraph at lines 174--176

 []


Underfull \hbox (badness 10000) in paragraph at lines 177--179

 []


Underfull \hbox (badness 10000) in paragraph at lines 180--184

 []

[3]
Underfull \hbox (badness 10000) in paragraph at lines 185--189

 []


Underfull \hbox (badness 10000) in paragraph at lines 190--194

 []


Underfull \hbox (badness 10000) in paragraph at lines 195--199

 []


Underfull \hbox (badness 10000) in paragraph at lines 200--204

 []


Underfull \hbox (badness 10000) in paragraph at lines 206--208

 []


Underfull \hbox (badness 10000) in paragraph at lines 209--210

 []


Underfull \hbox (badness 10000) in paragraph at lines 214--215

 []


Underfull \hbox (badness 10000) in paragraph at lines 216--218

 []


Underfull \hbox (badness 10000) in paragraph at lines 219--221

 []


Underfull \hbox (badness 10000) in paragraph at lines 222--224

 []


Underfull \hbox (badness 10000) in paragraph at lines 225--229

 []


Underfull \hbox (badness 10000) in paragraph at lines 230--234

 []


Underfull \hbox (badness 10000) in paragraph at lines 235--239

 []

[4]
Underfull \hbox (badness 10000) in paragraph at lines 240--244

 []


Underfull \hbox (badness 10000) in paragraph at lines 245--249

 []


Underfull \hbox (badness 10000) in paragraph at lines 251--253

 []


Underfull \hbox (badness 10000) in paragraph at lines 254--255

 []


Underfull \hbox (badness 10000) in paragraph at lines 259--260

 []


Underfull \hbox (badness 10000) in paragraph at lines 261--263

 []


Underfull \hbox (badness 10000) in paragraph at lines 264--266

 []


Underfull \hbox (badness 10000) in paragraph at lines 267--269

 []


Underfull \hbox (badness 10000) in paragraph at lines 270--274

 []


Underfull \hbox (badness 10000) in paragraph at lines 275--279

 []


Underfull \hbox (badness 10000) in paragraph at lines 280--284

 []


Underfull \hbox (badness 10000) in paragraph at lines 285--289

 []


Underfull \hbox (badness 10000) in paragraph at lines 290--294

 []


Underfull \hbox (badness 10000) in paragraph at lines 296--298

 []

[5]
Underfull \hbox (badness 10000) in paragraph at lines 299--300

 []


Underfull \hbox (badness 10000) in paragraph at lines 305--306

 []


Underfull \hbox (badness 10000) in paragraph at lines 307--309

 []


Underfull \hbox (badness 10000) in paragraph at lines 310--312

 []


Underfull \hbox (badness 10000) in paragraph at lines 313--315

 []


Underfull \hbox (badness 10000) in paragraph at lines 316--320

 []


Underfull \hbox (badness 10000) in paragraph at lines 321--325

 []


Underfull \hbox (badness 10000) in paragraph at lines 326--330

 []


Underfull \hbox (badness 10000) in paragraph at lines 331--335

 []


Underfull \hbox (badness 10000) in paragraph at lines 336--340

 []


Underfull \hbox (badness 10000) in paragraph at lines 342--344

 []


Underfull \hbox (badness 10000) in paragraph at lines 345--346

 []

[6]
Underfull \hbox (badness 10000) in paragraph at lines 351--352

 []


Underfull \hbox (badness 10000) in paragraph at lines 353--355

 []


Underfull \hbox (badness 10000) in paragraph at lines 356--358

 []


Underfull \hbox (badness 10000) in paragraph at lines 359--361

 []


Underfull \hbox (badness 10000) in paragraph at lines 362--366

 []


Underfull \hbox (badness 10000) in paragraph at lines 367--371

 []


Underfull \hbox (badness 10000) in paragraph at lines 372--376

 []


Underfull \hbox (badness 10000) in paragraph at lines 377--381

 []


Underfull \hbox (badness 10000) in paragraph at lines 382--386

 []


Underfull \hbox (badness 10000) in paragraph at lines 388--390

 []


Underfull \hbox (badness 10000) in paragraph at lines 391--392

 []


Underfull \hbox (badness 10000) in paragraph at lines 397--398

 []


Underfull \hbox (badness 10000) in paragraph at lines 399--401

 []

[7]
Underfull \hbox (badness 10000) in paragraph at lines 402--404

 []


Underfull \hbox (badness 10000) in paragraph at lines 405--407

 []


Underfull \hbox (badness 10000) in paragraph at lines 408--412

 []


Underfull \hbox (badness 10000) in paragraph at lines 413--417

 []


Underfull \hbox (badness 10000) in paragraph at lines 418--422

 []


Underfull \hbox (badness 10000) in paragraph at lines 423--427

 []


Underfull \hbox (badness 10000) in paragraph at lines 428--432

 []


Underfull \hbox (badness 10000) in paragraph at lines 434--436

 []


Underfull \hbox (badness 10000) in paragraph at lines 437--438

 []


Underfull \hbox (badness 10000) in paragraph at lines 443--444

 []


Underfull \hbox (badness 10000) in paragraph at lines 445--447

 []


Underfull \hbox (badness 10000) in paragraph at lines 448--450

 []


Underfull \hbox (badness 10000) in paragraph at lines 451--453

 []


Underfull \hbox (badness 10000) in paragraph at lines 454--458

 []

[8]
Underfull \hbox (badness 10000) in paragraph at lines 459--463

 []


Underfull \hbox (badness 10000) in paragraph at lines 464--468

 []


Underfull \hbox (badness 10000) in paragraph at lines 469--473

 []


Underfull \hbox (badness 10000) in paragraph at lines 474--478

 []


Underfull \hbox (badness 10000) in paragraph at lines 480--482

 []


Underfull \hbox (badness 10000) in paragraph at lines 483--484

 []


Underfull \hbox (badness 10000) in paragraph at lines 489--490

 []


Underfull \hbox (badness 10000) in paragraph at lines 491--493

 []


Underfull \hbox (badness 10000) in paragraph at lines 494--496

 []


Underfull \hbox (badness 10000) in paragraph at lines 497--499

 []


Underfull \hbox (badness 10000) in paragraph at lines 500--504

 []


Underfull \hbox (badness 10000) in paragraph at lines 505--509

 []


Underfull \hbox (badness 10000) in paragraph at lines 510--514

 []

[9]
Underfull \hbox (badness 10000) in paragraph at lines 515--519

 []


Underfull \hbox (badness 10000) in paragraph at lines 520--524

 []


Underfull \hbox (badness 10000) in paragraph at lines 526--528

 []


Underfull \hbox (badness 10000) in paragraph at lines 529--530

 []


Underfull \hbox (badness 10000) in paragraph at lines 535--536

 []


Underfull \hbox (badness 10000) in paragraph at lines 537--539

 []


Underfull \hbox (badness 10000) in paragraph at lines 540--542

 []


Underfull \hbox (badness 10000) in paragraph at lines 543--545

 []


Underfull \hbox (badness 10000) in paragraph at lines 546--550

 []


Underfull \hbox (badness 10000) in paragraph at lines 551--555

 []


Underfull \hbox (badness 10000) in paragraph at lines 556--560

 []


Underfull \hbox (badness 10000) in paragraph at lines 561--565

 []


Underfull \hbox (badness 10000) in paragraph at lines 566--570

 []

[10]
Underfull \hbox (badness 10000) in paragraph at lines 572--574

 []


Underfull \hbox (badness 10000) in paragraph at lines 575--576

 []


Underfull \hbox (badness 10000) in paragraph at lines 582--583

 []


Underfull \hbox (badness 10000) in paragraph at lines 584--586

 []


Underfull \hbox (badness 10000) in paragraph at lines 587--589

 []


Underfull \hbox (badness 10000) in paragraph at lines 590--592

 []


Underfull \hbox (badness 10000) in paragraph at lines 593--597

 []


Underfull \hbox (badness 10000) in paragraph at lines 598--602

 []


Underfull \hbox (badness 10000) in paragraph at lines 603--607

 []


Underfull \hbox (badness 10000) in paragraph at lines 608--612

 []


Underfull \hbox (badness 10000) in paragraph at lines 613--617

 []


Underfull \hbox (badness 10000) in paragraph at lines 619--621

 []


Underfull \hbox (badness 10000) in paragraph at lines 622--623

 []

[11]
Underfull \hbox (badness 10000) in paragraph at lines 629--630

 []


Underfull \hbox (badness 10000) in paragraph at lines 631--633

 []


Underfull \hbox (badness 10000) in paragraph at lines 634--636

 []


Underfull \hbox (badness 10000) in paragraph at lines 637--639

 []


Underfull \hbox (badness 10000) in paragraph at lines 640--644

 []


Underfull \hbox (badness 10000) in paragraph at lines 645--649

 []


Underfull \hbox (badness 10000) in paragraph at lines 650--654

 []


Underfull \hbox (badness 10000) in paragraph at lines 655--659

 []


Underfull \hbox (badness 10000) in paragraph at lines 660--664

 []


Underfull \hbox (badness 10000) in paragraph at lines 666--668

 []


Underfull \hbox (badness 10000) in paragraph at lines 669--670

 []

[12]
Underfull \hbox (badness 10000) in paragraph at lines 676--677

 []


Underfull \hbox (badness 10000) in paragraph at lines 678--680

 []


Underfull \hbox (badness 10000) in paragraph at lines 681--683

 []


Underfull \hbox (badness 10000) in paragraph at lines 684--686

 []


Underfull \hbox (badness 10000) in paragraph at lines 687--691

 []


Underfull \hbox (badness 10000) in paragraph at lines 692--696

 []


Underfull \hbox (badness 10000) in paragraph at lines 697--701

 []


Underfull \hbox (badness 10000) in paragraph at lines 702--706

 []


Underfull \hbox (badness 10000) in paragraph at lines 707--711

 []


Underfull \hbox (badness 10000) in paragraph at lines 713--715

 []


Underfull \hbox (badness 10000) in paragraph at lines 716--717

 []

[13]
Underfull \hbox (badness 10000) in paragraph at lines 723--724

 []


Underfull \hbox (badness 10000) in paragraph at lines 725--727

 []


Underfull \hbox (badness 10000) in paragraph at lines 728--730

 []


Underfull \hbox (badness 10000) in paragraph at lines 731--733

 []


Underfull \hbox (badness 10000) in paragraph at lines 734--738

 []


Underfull \hbox (badness 10000) in paragraph at lines 739--743

 []


Underfull \hbox (badness 10000) in paragraph at lines 744--748

 []


Underfull \hbox (badness 10000) in paragraph at lines 749--753

 []


Underfull \hbox (badness 10000) in paragraph at lines 754--758

 []


Underfull \hbox (badness 10000) in paragraph at lines 760--762

 []


Underfull \hbox (badness 10000) in paragraph at lines 763--764

 []

[14]
Underfull \hbox (badness 10000) in paragraph at lines 770--771

 []


Underfull \hbox (badness 10000) in paragraph at lines 772--774

 []


Underfull \hbox (badness 10000) in paragraph at lines 775--777

 []


Underfull \hbox (badness 10000) in paragraph at lines 778--780

 []


Underfull \hbox (badness 10000) in paragraph at lines 781--785

 []


Underfull \hbox (badness 10000) in paragraph at lines 786--790

 []


Underfull \hbox (badness 10000) in paragraph at lines 791--795

 []


Underfull \hbox (badness 10000) in paragraph at lines 796--800

 []


Underfull \hbox (badness 10000) in paragraph at lines 801--805

 []


Underfull \hbox (badness 10000) in paragraph at lines 807--809

 []


Underfull \hbox (badness 10000) in paragraph at lines 810--811

 []

[15]
Underfull \hbox (badness 10000) in paragraph at lines 817--818

 []


Underfull \hbox (badness 10000) in paragraph at lines 819--821

 []


Underfull \hbox (badness 10000) in paragraph at lines 822--824

 []


Underfull \hbox (badness 10000) in paragraph at lines 825--827

 []


Underfull \hbox (badness 10000) in paragraph at lines 828--832

 []


Underfull \hbox (badness 10000) in paragraph at lines 833--837

 []


Underfull \hbox (badness 10000) in paragraph at lines 838--842

 []


Underfull \hbox (badness 10000) in paragraph at lines 843--847

 []


Underfull \hbox (badness 10000) in paragraph at lines 848--852

 []


Underfull \hbox (badness 10000) in paragraph at lines 854--856

 []


Underfull \hbox (badness 10000) in paragraph at lines 857--858

 []

[16]
Underfull \hbox (badness 10000) in paragraph at lines 867--868

 []


Underfull \hbox (badness 10000) in paragraph at lines 869--871

 []


Underfull \hbox (badness 10000) in paragraph at lines 872--874

 []


Underfull \hbox (badness 10000) in paragraph at lines 875--877

 []


Underfull \hbox (badness 10000) in paragraph at lines 878--880

 []


Underfull \hbox (badness 10000) in paragraph at lines 881--883

 []


Underfull \hbox (badness 10000) in paragraph at lines 884--886

 []


Underfull \hbox (badness 10000) in paragraph at lines 888--890

 []


Underfull \hbox (badness 10000) in paragraph at lines 891--892

 []


Underfull \hbox (badness 10000) in paragraph at lines 901--902

 []


Underfull \hbox (badness 10000) in paragraph at lines 903--905

 []


Underfull \hbox (badness 10000) in paragraph at lines 906--908

 []

[17]
Underfull \hbox (badness 10000) in paragraph at lines 909--911

 []


Underfull \hbox (badness 10000) in paragraph at lines 912--914

 []


Underfull \hbox (badness 10000) in paragraph at lines 915--917

 []


Underfull \hbox (badness 10000) in paragraph at lines 918--920

 []


Underfull \hbox (badness 10000) in paragraph at lines 922--924

 []


Underfull \hbox (badness 10000) in paragraph at lines 925--926

 []


Underfull \hbox (badness 10000) in paragraph at lines 935--936

 []


Underfull \hbox (badness 10000) in paragraph at lines 937--939

 []


Underfull \hbox (badness 10000) in paragraph at lines 940--942

 []


Underfull \hbox (badness 10000) in paragraph at lines 943--945

 []


Underfull \hbox (badness 10000) in paragraph at lines 946--948

 []


Underfull \hbox (badness 10000) in paragraph at lines 949--951

 []


Underfull \hbox (badness 10000) in paragraph at lines 952--954

 []


Underfull \hbox (badness 10000) in paragraph at lines 956--958

 []


Underfull \hbox (badness 10000) in paragraph at lines 959--960

 []

[18]
Underfull \hbox (badness 10000) in paragraph at lines 968--969

 []


Underfull \hbox (badness 10000) in paragraph at lines 970--972

 []


Underfull \hbox (badness 10000) in paragraph at lines 973--975

 []


Underfull \hbox (badness 10000) in paragraph at lines 976--978

 []


Underfull \hbox (badness 10000) in paragraph at lines 979--981

 []


Underfull \hbox (badness 10000) in paragraph at lines 982--984

 []


Underfull \hbox (badness 10000) in paragraph at lines 985--987

 []


Underfull \hbox (badness 10000) in paragraph at lines 989--991

 []


Underfull \hbox (badness 10000) in paragraph at lines 992--993

 []


Underfull \hbox (badness 10000) in paragraph at lines 1001--1002

 []


Underfull \hbox (badness 10000) in paragraph at lines 1003--1005

 []


Underfull \hbox (badness 10000) in paragraph at lines 1006--1008

 []


Underfull \hbox (badness 10000) in paragraph at lines 1009--1011

 []

[19]
Underfull \hbox (badness 10000) in paragraph at lines 1012--1014

 []


Underfull \hbox (badness 10000) in paragraph at lines 1015--1017

 []


Underfull \hbox (badness 10000) in paragraph at lines 1018--1020

 []


Underfull \hbox (badness 10000) in paragraph at lines 1022--1024

 []


Underfull \hbox (badness 10000) in paragraph at lines 1025--1026

 []


Underfull \hbox (badness 10000) in paragraph at lines 1034--1035

 []


Underfull \hbox (badness 10000) in paragraph at lines 1036--1038

 []


Underfull \hbox (badness 10000) in paragraph at lines 1039--1041

 []


Underfull \hbox (badness 10000) in paragraph at lines 1042--1044

 []


Underfull \hbox (badness 10000) in paragraph at lines 1045--1047

 []


Underfull \hbox (badness 10000) in paragraph at lines 1048--1050

 []


Underfull \hbox (badness 10000) in paragraph at lines 1051--1053

 []


Underfull \hbox (badness 10000) in paragraph at lines 1055--1057

 []


Underfull \hbox (badness 10000) in paragraph at lines 1058--1059

 []

[20]
Underfull \hbox (badness 10000) in paragraph at lines 1069--1070

 []


Underfull \hbox (badness 10000) in paragraph at lines 1071--1073

 []


Underfull \hbox (badness 10000) in paragraph at lines 1074--1076

 []


Underfull \hbox (badness 10000) in paragraph at lines 1077--1079

 []


Underfull \hbox (badness 10000) in paragraph at lines 1080--1082

 []


Underfull \hbox (badness 10000) in paragraph at lines 1083--1085

 []


Underfull \hbox (badness 10000) in paragraph at lines 1086--1088

 []


Underfull \hbox (badness 10000) in paragraph at lines 1090--1092

 []


Underfull \hbox (badness 10000) in paragraph at lines 1093--1094

 []

[21]
Underfull \hbox (badness 10000) in paragraph at lines 1104--1105

 []


Underfull \hbox (badness 10000) in paragraph at lines 1106--1108

 []


Underfull \hbox (badness 10000) in paragraph at lines 1109--1111

 []


Underfull \hbox (badness 10000) in paragraph at lines 1112--1114

 []


Underfull \hbox (badness 10000) in paragraph at lines 1115--1117

 []


Underfull \hbox (badness 10000) in paragraph at lines 1118--1120

 []


Underfull \hbox (badness 10000) in paragraph at lines 1121--1123

 []


Underfull \hbox (badness 10000) in paragraph at lines 1125--1127

 []


Underfull \hbox (badness 10000) in paragraph at lines 1128--1129

 []

[22]
Underfull \hbox (badness 10000) in paragraph at lines 1139--1140

 []


Underfull \hbox (badness 10000) in paragraph at lines 1141--1143

 []


Underfull \hbox (badness 10000) in paragraph at lines 1144--1146

 []


Underfull \hbox (badness 10000) in paragraph at lines 1147--1149

 []


Underfull \hbox (badness 10000) in paragraph at lines 1150--1152

 []


Underfull \hbox (badness 10000) in paragraph at lines 1153--1155

 []


Underfull \hbox (badness 10000) in paragraph at lines 1156--1158

 []


Underfull \hbox (badness 10000) in paragraph at lines 1160--1162

 []


Underfull \hbox (badness 10000) in paragraph at lines 1163--1164

 []


Underfull \hbox (badness 10000) in paragraph at lines 1175--1176

 []

[23]
Underfull \hbox (badness 10000) in paragraph at lines 1177--1179

 []


Underfull \hbox (badness 10000) in paragraph at lines 1180--1182

 []


Underfull \hbox (badness 10000) in paragraph at lines 1183--1185

 []


Underfull \hbox (badness 10000) in paragraph at lines 1186--1188

 []


Underfull \hbox (badness 10000) in paragraph at lines 1189--1191

 []


Underfull \hbox (badness 10000) in paragraph at lines 1192--1194

 []


Underfull \hbox (badness 10000) in paragraph at lines 1196--1198

 []


Underfull \hbox (badness 10000) in paragraph at lines 1199--1200

 []


Underfull \hbox (badness 10000) in paragraph at lines 1212--1213

 []


Underfull \hbox (badness 10000) in paragraph at lines 1214--1216

 []


Underfull \hbox (badness 10000) in paragraph at lines 1217--1219

 []


Underfull \hbox (badness 10000) in paragraph at lines 1220--1222

 []


Underfull \hbox (badness 10000) in paragraph at lines 1223--1225

 []


Underfull \hbox (badness 10000) in paragraph at lines 1226--1228

 []

[24]
Underfull \hbox (badness 10000) in paragraph at lines 1229--1231

 []


Underfull \hbox (badness 10000) in paragraph at lines 1233--1235

 []


Underfull \hbox (badness 10000) in paragraph at lines 1236--1237

 []


Underfull \hbox (badness 10000) in paragraph at lines 1249--1250

 []


Underfull \hbox (badness 10000) in paragraph at lines 1251--1253

 []


Underfull \hbox (badness 10000) in paragraph at lines 1254--1256

 []


Underfull \hbox (badness 10000) in paragraph at lines 1257--1259

 []


Underfull \hbox (badness 10000) in paragraph at lines 1260--1262

 []


Underfull \hbox (badness 10000) in paragraph at lines 1263--1265

 []


Underfull \hbox (badness 10000) in paragraph at lines 1266--1268

 []


Underfull \hbox (badness 10000) in paragraph at lines 1270--1272

 []

[25]
Underfull \hbox (badness 10000) in paragraph at lines 1286--1288

 []


Underfull \hbox (badness 10000) in paragraph at lines 1289--1291

 []


Underfull \hbox (badness 10000) in paragraph at lines 1292--1294

 []


Underfull \hbox (badness 10000) in paragraph at lines 1295--1297

 []


Underfull \hbox (badness 10000) in paragraph at lines 1298--1300

 []


Underfull \hbox (badness 10000) in paragraph at lines 1301--1303

 []


Underfull \hbox (badness 10000) in paragraph at lines 1304--1306

 []


Underfull \hbox (badness 10000) in paragraph at lines 1307--1309

 []


Underfull \hbox (badness 10000) in paragraph at lines 1310--1312

 []


Underfull \hbox (badness 10000) in paragraph at lines 1313--1315

 []


Underfull \hbox (badness 10000) in paragraph at lines 1317--1319

 []


Underfull \hbox (badness 10000) in paragraph at lines 1332--1334

 []


Underfull \hbox (badness 10000) in paragraph at lines 1335--1337

 []


Underfull \hbox (badness 10000) in paragraph at lines 1338--1340

 []

[26]
Underfull \hbox (badness 10000) in paragraph at lines 1341--1343

 []


Underfull \hbox (badness 10000) in paragraph at lines 1344--1346

 []


Underfull \hbox (badness 10000) in paragraph at lines 1347--1349

 []


Underfull \hbox (badness 10000) in paragraph at lines 1350--1352

 []


Underfull \hbox (badness 10000) in paragraph at lines 1353--1355

 []


Underfull \hbox (badness 10000) in paragraph at lines 1356--1358

 []


Underfull \hbox (badness 10000) in paragraph at lines 1359--1361

 []


Underfull \hbox (badness 10000) in paragraph at lines 1363--1365

 []


Underfull \hbox (badness 10000) in paragraph at lines 1378--1380

 []


Underfull \hbox (badness 10000) in paragraph at lines 1381--1383

 []


Underfull \hbox (badness 10000) in paragraph at lines 1384--1386

 []


Underfull \hbox (badness 10000) in paragraph at lines 1387--1389

 []


Underfull \hbox (badness 10000) in paragraph at lines 1390--1392

 []


Underfull \hbox (badness 10000) in paragraph at lines 1393--1395

 []


Underfull \hbox (badness 10000) in paragraph at lines 1396--1398

 []

[27]
Underfull \hbox (badness 10000) in paragraph at lines 1399--1401

 []


Underfull \hbox (badness 10000) in paragraph at lines 1402--1404

 []


Underfull \hbox (badness 10000) in paragraph at lines 1405--1407

 []


Underfull \hbox (badness 10000) in paragraph at lines 1409--1411

 []


Underfull \hbox (badness 10000) in paragraph at lines 1428--1430

 []


Underfull \hbox (badness 10000) in paragraph at lines 1431--1433

 []


Underfull \hbox (badness 10000) in paragraph at lines 1434--1436

 []


Underfull \hbox (badness 10000) in paragraph at lines 1437--1439

 []


Underfull \hbox (badness 10000) in paragraph at lines 1440--1442

 []


Underfull \hbox (badness 10000) in paragraph at lines 1443--1445

 []


Underfull \hbox (badness 10000) in paragraph at lines 1446--1448

 []


Underfull \hbox (badness 10000) in paragraph at lines 1449--1451

 []

[28]
Underfull \hbox (badness 10000) in paragraph at lines 1452--1454

 []


Underfull \hbox (badness 10000) in paragraph at lines 1455--1457

 []


Underfull \hbox (badness 10000) in paragraph at lines 1459--1461

 []


Underfull \hbox (badness 10000) in paragraph at lines 1473--1475

 []


Underfull \hbox (badness 10000) in paragraph at lines 1476--1478

 []


Underfull \hbox (badness 10000) in paragraph at lines 1479--1481

 []


Underfull \hbox (badness 10000) in paragraph at lines 1482--1484

 []


Underfull \hbox (badness 10000) in paragraph at lines 1485--1487

 []


Underfull \hbox (badness 10000) in paragraph at lines 1488--1490

 []


Underfull \hbox (badness 10000) in paragraph at lines 1491--1493

 []


Underfull \hbox (badness 10000) in paragraph at lines 1494--1496

 []


Underfull \hbox (badness 10000) in paragraph at lines 1497--1499

 []


Underfull \hbox (badness 10000) in paragraph at lines 1500--1502

 []


Underfull \hbox (badness 10000) in paragraph at lines 1504--1506

 []

[29]
Underfull \hbox (badness 10000) in paragraph at lines 1519--1521

 []


Underfull \hbox (badness 10000) in paragraph at lines 1522--1524

 []


Underfull \hbox (badness 10000) in paragraph at lines 1525--1527

 []


Underfull \hbox (badness 10000) in paragraph at lines 1528--1530

 []


Underfull \hbox (badness 10000) in paragraph at lines 1531--1533

 []


Underfull \hbox (badness 10000) in paragraph at lines 1534--1536

 []


Underfull \hbox (badness 10000) in paragraph at lines 1537--1539

 []


Underfull \hbox (badness 10000) in paragraph at lines 1540--1542

 []


Underfull \hbox (badness 10000) in paragraph at lines 1543--1545

 []


Underfull \hbox (badness 10000) in paragraph at lines 1546--1548

 []


Underfull \hbox (badness 10000) in paragraph at lines 1550--1552

 []

[30]
Underfull \hbox (badness 10000) in paragraph at lines 1567--1569

 []


Underfull \hbox (badness 10000) in paragraph at lines 1570--1572

 []


Underfull \hbox (badness 10000) in paragraph at lines 1573--1575

 []


Underfull \hbox (badness 10000) in paragraph at lines 1576--1578

 []


Underfull \hbox (badness 10000) in paragraph at lines 1579--1581

 []


Underfull \hbox (badness 10000) in paragraph at lines 1582--1584

 []


Underfull \hbox (badness 10000) in paragraph at lines 1585--1587

 []


Underfull \hbox (badness 10000) in paragraph at lines 1588--1590

 []


Underfull \hbox (badness 10000) in paragraph at lines 1591--1593

 []


Underfull \hbox (badness 10000) in paragraph at lines 1594--1596

 []


Underfull \hbox (badness 10000) in paragraph at lines 1598--1600

 []


Underfull \hbox (badness 10000) in paragraph at lines 1614--1616

 []


Underfull \hbox (badness 10000) in paragraph at lines 1617--1619

 []

[31]
Underfull \hbox (badness 10000) in paragraph at lines 1620--1622

 []


Underfull \hbox (badness 10000) in paragraph at lines 1623--1625

 []


Underfull \hbox (badness 10000) in paragraph at lines 1626--1628

 []


Underfull \hbox (badness 10000) in paragraph at lines 1629--1631

 []


Underfull \hbox (badness 10000) in paragraph at lines 1632--1634

 []


Underfull \hbox (badness 10000) in paragraph at lines 1635--1637

 []


Underfull \hbox (badness 10000) in paragraph at lines 1638--1640

 []


Underfull \hbox (badness 10000) in paragraph at lines 1641--1643

 []


Underfull \hbox (badness 10000) in paragraph at lines 1645--1647

 []


Underfull \hbox (badness 10000) in paragraph at lines 1661--1663

 []


Underfull \hbox (badness 10000) in paragraph at lines 1664--1666

 []


Underfull \hbox (badness 10000) in paragraph at lines 1667--1669

 []


Underfull \hbox (badness 10000) in paragraph at lines 1670--1672

 []


Underfull \hbox (badness 10000) in paragraph at lines 1673--1675

 []

[32]
Underfull \hbox (badness 10000) in paragraph at lines 1676--1678

 []


Underfull \hbox (badness 10000) in paragraph at lines 1679--1681

 []


Underfull \hbox (badness 10000) in paragraph at lines 1682--1684

 []


Underfull \hbox (badness 10000) in paragraph at lines 1685--1687

 []


Underfull \hbox (badness 10000) in paragraph at lines 1688--1690

 []


Underfull \hbox (badness 10000) in paragraph at lines 1692--1694

 []


Underfull \hbox (badness 10000) in paragraph at lines 1712--1714

 []


Underfull \hbox (badness 10000) in paragraph at lines 1715--1717

 []


Underfull \hbox (badness 10000) in paragraph at lines 1718--1720

 []


Underfull \hbox (badness 10000) in paragraph at lines 1721--1723

 []


Underfull \hbox (badness 10000) in paragraph at lines 1724--1726

 []

[33]
Underfull \hbox (badness 10000) in paragraph at lines 1727--1729

 []


Underfull \hbox (badness 10000) in paragraph at lines 1730--1732

 []


Underfull \hbox (badness 10000) in paragraph at lines 1733--1735

 []


Underfull \hbox (badness 10000) in paragraph at lines 1736--1738

 []


Underfull \hbox (badness 10000) in paragraph at lines 1739--1741

 []


Underfull \hbox (badness 10000) in paragraph at lines 1743--1745

 []


Underfull \hbox (badness 10000) in paragraph at lines 1762--1764

 []


Underfull \hbox (badness 10000) in paragraph at lines 1765--1767

 []


Underfull \hbox (badness 10000) in paragraph at lines 1768--1770

 []


Underfull \hbox (badness 10000) in paragraph at lines 1771--1773

 []


Underfull \hbox (badness 10000) in paragraph at lines 1774--1776

 []


Underfull \hbox (badness 10000) in paragraph at lines 1777--1779

 []

[34]
Underfull \hbox (badness 10000) in paragraph at lines 1780--1782

 []


Underfull \hbox (badness 10000) in paragraph at lines 1783--1785

 []


Underfull \hbox (badness 10000) in paragraph at lines 1786--1788

 []


Underfull \hbox (badness 10000) in paragraph at lines 1789--1791

 []


Underfull \hbox (badness 10000) in paragraph at lines 1793--1795

 []


Underfull \hbox (badness 10000) in paragraph at lines 1812--1814

 []


Underfull \hbox (badness 10000) in paragraph at lines 1815--1817

 []


Underfull \hbox (badness 10000) in paragraph at lines 1818--1820

 []


Underfull \hbox (badness 10000) in paragraph at lines 1821--1823

 []


Underfull \hbox (badness 10000) in paragraph at lines 1824--1826

 []


Underfull \hbox (badness 10000) in paragraph at lines 1827--1829

 []


Underfull \hbox (badness 10000) in paragraph at lines 1830--1832

 []

[35]
Underfull \hbox (badness 10000) in paragraph at lines 1833--1835

 []


Underfull \hbox (badness 10000) in paragraph at lines 1836--1838

 []


Underfull \hbox (badness 10000) in paragraph at lines 1839--1841

 []

[36] (./Questions_Differentiation.aux) ) 
Here is how much of TeX's memory you used:
 2372 strings out of 493089
 32478 string characters out of 6134841
 120600 words of memory out of 5000000
 5859 multiletter control sequences out of 15000+600000
 7738 words of font info for 30 fonts, out of 8000000 for 9000
 1141 hyphenation exceptions out of 8191
 35i,15n,47p,276b,278s stack positions out of 5000i,500n,10000p,200000b,80000s
</usr/local/texlive/2015/texmf-dist/fon
ts/type1/public/amsfonts/cmextra/cmex8.pfb></usr/local/texlive/2015/texmf-dist/
fonts/type1/public/amsfonts/cm/cmmi6.pfb></usr/local/texlive/2015/texmf-dist/fo
nts/type1/public/amsfonts/cm/cmmi8.pfb></usr/local/texlive/2015/texmf-dist/font
s/type1/public/amsfonts/cm/cmr10.pfb></usr/local/texlive/2015/texmf-dist/fonts/
type1/public/amsfonts/cm/cmr5.pfb></usr/local/texlive/2015/texmf-dist/fonts/typ
e1/public/amsfonts/cm/cmr6.pfb></usr/local/texlive/2015/texmf-dist/fonts/type1/
public/amsfonts/cm/cmr8.pfb></usr/local/texlive/2015/texmf-dist/fonts/type1/pub
lic/amsfonts/cm/cmsy10.pfb></usr/local/texlive/2015/texmf-dist/fonts/type1/publ
ic/amsfonts/cm/cmsy6.pfb></usr/local/texlive/2015/texmf-dist/fonts/type1/public
/amsfonts/cm/cmsy8.pfb>
Output written on Questions_Differentiation.pdf (36 pages, 138087 bytes).
PDF statistics:
 160 PDF objects out of 1000 (max. 8388607)
 110 compressed objects within 2 object streams
 0 named destinations out of 1000 (max. 500000)
 1 words of extra memory for PDF output out of 10000 (max. 10000000)

